<?xml version="1.0" encoding="UTF-8"?>
<!-- Generated by org.testng.reporters.JUnitReportReporter -->
<testsuite hostname="AKD" failures="0" tests="1" name="tests.LoginTest" time="3.260" errors="0" timestamp="2025-07-05T00:05:39 IST" skipped="0">
  <testcase classname="tests.LoginTest" name="validLogin" time="3.260"/>
  <system-out/>
</testsuite> <!-- tests.LoginTest -->
