<?xml version="1.0" encoding="UTF-8"?>
<!-- Generated by org.testng.reporters.JUnitReportReporter -->
<testsuite hostname="AKD" failures="0" tests="1" name="tests.LoginTest" time="2.175" errors="0" timestamp="2025-06-29T16:20:19 IST" skipped="0">
  <testcase classname="tests.LoginTest" name="validLogin" time="2.175"/>
  <system-out/>
</testsuite> <!-- tests.LoginTest -->
